{"/Users/valentingorin/IT/Testing/backend/src/app.ts": {"path":"/Users/valentingorin/IT/Testing/backend/src/app.ts","statementMap":{"0":{"start":{"line":8,"column":0},"end":{"line":8,"column":16}},"1":{"start":{"line":1,"column":0},"end":{"line":1,"column":30}},"2":{"start":{"line":2,"column":0},"end":{"line":2,"column":24}},"3":{"start":{"line":3,"column":0},"end":{"line":3,"column":57}},"4":{"start":{"line":4,"column":0},"end":{"line":4,"column":51}},"5":{"start":{"line":5,"column":0},"end":{"line":5,"column":47}},"6":{"start":{"line":6,"column":0},"end":{"line":6,"column":47}},"7":{"start":{"line":9,"column":14},"end":{"line":9,"column":23}},"8":{"start":{"line":11,"column":2},"end":{"line":11,"column":18}},"9":{"start":{"line":12,"column":2},"end":{"line":12,"column":42}},"10":{"start":{"line":13,"column":2},"end":{"line":13,"column":50}},"11":{"start":{"line":15,"column":2},"end":{"line":15,"column":39}},"12":{"start":{"line":16,"column":2},"end":{"line":16,"column":43}},"13":{"start":{"line":17,"column":2},"end":{"line":17,"column":39}},"14":{"start":{"line":19,"column":2},"end":{"line":21,"column":5}},"15":{"start":{"line":20,"column":4},"end":{"line":20,"column":81}},"16":{"start":{"line":23,"column":2},"end":{"line":23,"column":24}},"17":{"start":{"line":25,"column":2},"end":{"line":25,"column":13}}},"fnMap":{"0":{"name":"createApp","decl":{"start":{"line":8,"column":16},"end":{"line":8,"column":25}},"loc":{"start":{"line":8,"column":25},"end":{"line":26,"column":1}}},"1":{"name":"(anonymous_2)","decl":{"start":{"line":19,"column":10},"end":{"line":19,"column":11}},"loc":{"start":{"line":19,"column":24},"end":{"line":21,"column":3}}}},"branchMap":{},"s":{"0":1,"1":1,"2":1,"3":1,"4":1,"5":1,"6":1,"7":1,"8":1,"9":1,"10":1,"11":1,"12":1,"13":1,"14":1,"15":0,"16":1,"17":1},"f":{"0":1,"1":0},"b":{}}
,"/Users/valentingorin/IT/Testing/backend/src/lib/dishFlags.ts": {"path":"/Users/valentingorin/IT/Testing/backend/src/lib/dishFlags.ts","statementMap":{"0":{"start":{"line":1,"column":0},"end":{"line":1,"column":16}},"1":{"start":{"line":10,"column":0},"end":{"line":10,"column":16}},"2":{"start":{"line":2,"column":14},"end":{"line":2,"column":33}},"3":{"start":{"line":3,"column":16},"end":{"line":3,"column":53}},"4":{"start":{"line":3,"column":45},"end":{"line":3,"column":52}},"5":{"start":{"line":4,"column":21},"end":{"line":4,"column":63}},"6":{"start":{"line":4,"column":50},"end":{"line":4,"column":62}},"7":{"start":{"line":5,"column":20},"end":{"line":5,"column":61}},"8":{"start":{"line":5,"column":49},"end":{"line":5,"column":60}},"9":{"start":{"line":7,"column":2},"end":{"line":7,"column":42}},"10":{"start":{"line":14,"column":33},"end":{"line":14,"column":39}},"11":{"start":{"line":15,"column":2},"end":{"line":19,"column":4}}},"fnMap":{"0":{"name":"computeDishAllowedFlags","decl":{"start":{"line":1,"column":16},"end":{"line":1,"column":39}},"loc":{"start":{"line":1,"column":116},"end":{"line":8,"column":1}}},"1":{"name":"(anonymous_1)","decl":{"start":{"line":3,"column":38},"end":{"line":3,"column":39}},"loc":{"start":{"line":3,"column":45},"end":{"line":3,"column":52}}},"2":{"name":"(anonymous_2)","decl":{"start":{"line":4,"column":43},"end":{"line":4,"column":44}},"loc":{"start":{"line":4,"column":50},"end":{"line":4,"column":62}}},"3":{"name":"(anonymous_3)","decl":{"start":{"line":5,"column":42},"end":{"line":5,"column":43}},"loc":{"start":{"line":5,"column":49},"end":{"line":5,"column":60}}},"4":{"name":"applyRequestedFlagsToAllowed","decl":{"start":{"line":10,"column":16},"end":{"line":10,"column":44}},"loc":{"start":{"line":13,"column":1},"end":{"line":20,"column":1}}}},"branchMap":{"0":{"loc":{"start":{"line":3,"column":16},"end":{"line":3,"column":53}},"type":"binary-expr","locations":[{"start":{"line":3,"column":16},"end":{"line":3,"column":19}},{"start":{"line":3,"column":23},"end":{"line":3,"column":53}}]},"1":{"loc":{"start":{"line":4,"column":21},"end":{"line":4,"column":63}},"type":"binary-expr","locations":[{"start":{"line":4,"column":21},"end":{"line":4,"column":24}},{"start":{"line":4,"column":28},"end":{"line":4,"column":63}}]},"2":{"loc":{"start":{"line":5,"column":20},"end":{"line":5,"column":61}},"type":"binary-expr","locations":[{"start":{"line":5,"column":20},"end":{"line":5,"column":23}},{"start":{"line":5,"column":27},"end":{"line":5,"column":61}}]},"3":{"loc":{"start":{"line":16,"column":11},"end":{"line":16,"column":52}},"type":"binary-expr","locations":[{"start":{"line":16,"column":11},"end":{"line":16,"column":35}},{"start":{"line":16,"column":39},"end":{"line":16,"column":52}}]},"4":{"loc":{"start":{"line":17,"column":16},"end":{"line":17,"column":67}},"type":"binary-expr","locations":[{"start":{"line":17,"column":16},"end":{"line":17,"column":45}},{"start":{"line":17,"column":49},"end":{"line":17,"column":67}}]},"5":{"loc":{"start":{"line":18,"column":15},"end":{"line":18,"column":64}},"type":"binary-expr","locations":[{"start":{"line":18,"column":15},"end":{"line":18,"column":43}},{"start":{"line":18,"column":47},"end":{"line":18,"column":64}}]}},"s":{"0":1,"1":1,"2":10,"3":10,"4":11,"5":10,"6":10,"7":10,"8":11,"9":10,"10":10,"11":10},"f":{"0":10,"1":11,"2":10,"3":11,"4":10},"b":{"0":[10,10],"1":[10,10],"2":[10,10],"3":[10,0],"4":[10,0],"5":[10,0]}}
,"/Users/valentingorin/IT/Testing/backend/src/lib/dishMacros.ts": {"path":"/Users/valentingorin/IT/Testing/backend/src/lib/dishMacros.ts","statementMap":{"0":{"start":{"line":11,"column":0},"end":{"line":11,"column":16}},"1":{"start":{"line":1,"column":61},"end":{"line":9,"column":2}},"2":{"start":{"line":15,"column":16},"end":{"line":15,"column":34}},"3":{"start":{"line":17,"column":75},"end":{"line":17,"column":79}},"4":{"start":{"line":19,"column":2},"end":{"line":25,"column":3}},"5":{"start":{"line":20,"column":16},"end":{"line":20,"column":38}},"6":{"start":{"line":21,"column":4},"end":{"line":21,"column":29}},"7":{"start":{"line":21,"column":20},"end":{"line":21,"column":29}},"8":{"start":{"line":22,"column":4},"end":{"line":24,"column":5}},"9":{"start":{"line":23,"column":6},"end":{"line":23,"column":71}},"10":{"start":{"line":27,"column":2},"end":{"line":29,"column":3}},"11":{"start":{"line":28,"column":4},"end":{"line":28,"column":65}},"12":{"start":{"line":31,"column":20},"end":{"line":31,"column":93}},"13":{"start":{"line":32,"column":2},"end":{"line":35,"column":4}}},"fnMap":{"0":{"name":"parseDishNameForFirstMacro","decl":{"start":{"line":11,"column":16},"end":{"line":11,"column":42}},"loc":{"start":{"line":11,"column":55},"end":{"line":36,"column":1}}}},"branchMap":{"0":{"loc":{"start":{"line":21,"column":4},"end":{"line":21,"column":29}},"type":"if","locations":[{"start":{"line":21,"column":4},"end":{"line":21,"column":29}}]},"1":{"loc":{"start":{"line":22,"column":4},"end":{"line":24,"column":5}},"type":"if","locations":[{"start":{"line":22,"column":4},"end":{"line":24,"column":5}}]},"2":{"loc":{"start":{"line":22,"column":8},"end":{"line":22,"column":35}},"type":"binary-expr","locations":[{"start":{"line":22,"column":8},"end":{"line":22,"column":14}},{"start":{"line":22,"column":18},"end":{"line":22,"column":35}}]},"3":{"loc":{"start":{"line":27,"column":2},"end":{"line":29,"column":3}},"type":"if","locations":[{"start":{"line":27,"column":2},"end":{"line":29,"column":3}}]}},"s":{"0":1,"1":1,"2":10,"3":10,"4":10,"5":70,"6":70,"7":70,"8":0,"9":0,"10":10,"11":10,"12":0,"13":0},"f":{"0":10},"b":{"0":[70],"1":[0],"2":[0,0],"3":[10]}}
,"/Users/valentingorin/IT/Testing/backend/src/lib/httpError.ts": {"path":"/Users/valentingorin/IT/Testing/backend/src/lib/httpError.ts","statementMap":{"0":{"start":{"line":7,"column":4},"end":{"line":7,"column":24}},"1":{"start":{"line":8,"column":4},"end":{"line":8,"column":30}},"2":{"start":{"line":9,"column":4},"end":{"line":9,"column":26}},"3":{"start":{"line":10,"column":4},"end":{"line":10,"column":32}},"4":{"start":{"line":1,"column":0},"end":{"line":1,"column":13}}},"fnMap":{"0":{"name":"(anonymous_0)","decl":{"start":{"line":6,"column":2},"end":{"line":6,"column":14}},"loc":{"start":{"line":6,"column":88},"end":{"line":11,"column":3}}}},"branchMap":{},"s":{"0":0,"1":0,"2":0,"3":0,"4":1},"f":{"0":0},"b":{}}
,"/Users/valentingorin/IT/Testing/backend/src/lib/kbju.ts": {"path":"/Users/valentingorin/IT/Testing/backend/src/lib/kbju.ts","statementMap":{"0":{"start":{"line":8,"column":0},"end":{"line":8,"column":16}},"1":{"start":{"line":11,"column":20},"end":{"line":11,"column":26}},"2":{"start":{"line":13,"column":17},"end":{"line":13,"column":18}},"3":{"start":{"line":14,"column":17},"end":{"line":14,"column":18}},"4":{"start":{"line":15,"column":13},"end":{"line":15,"column":14}},"5":{"start":{"line":16,"column":14},"end":{"line":16,"column":15}},"6":{"start":{"line":18,"column":2},"end":{"line":24,"column":3}},"7":{"start":{"line":19,"column":18},"end":{"line":19,"column":44}},"8":{"start":{"line":20,"column":4},"end":{"line":20,"column":52}},"9":{"start":{"line":21,"column":4},"end":{"line":21,"column":52}},"10":{"start":{"line":22,"column":4},"end":{"line":22,"column":44}},"11":{"start":{"line":23,"column":4},"end":{"line":23,"column":46}},"12":{"start":{"line":26,"column":2},"end":{"line":31,"column":4}}},"fnMap":{"0":{"name":"calculateDishKbjuOnPortion","decl":{"start":{"line":8,"column":16},"end":{"line":8,"column":42}},"loc":{"start":{"line":10,"column":1},"end":{"line":32,"column":1}}}},"branchMap":{},"s":{"0":1,"1":10,"2":10,"3":10,"4":10,"5":10,"6":10,"7":11,"8":11,"9":11,"10":11,"11":11,"12":10},"f":{"0":10},"b":{}}
,"/Users/valentingorin/IT/Testing/backend/src/lib/prisma.ts": {"path":"/Users/valentingorin/IT/Testing/backend/src/lib/prisma.ts","statementMap":{"0":{"start":{"line":1,"column":0},"end":{"line":1,"column":23}},"1":{"start":{"line":2,"column":0},"end":{"line":2,"column":46}},"2":{"start":{"line":3,"column":0},"end":{"line":3,"column":69}},"3":{"start":{"line":6,"column":24},"end":{"line":6,"column":70}},"4":{"start":{"line":8,"column":20},"end":{"line":8,"column":44}},"5":{"start":{"line":9,"column":0},"end":{"line":11,"column":1}},"6":{"start":{"line":10,"column":2},"end":{"line":10,"column":71}},"7":{"start":{"line":14,"column":23},"end":{"line":14,"column":104}},"8":{"start":{"line":15,"column":16},"end":{"line":15,"column":64}},"9":{"start":{"line":17,"column":13},"end":{"line":22,"column":5}},"10":{"start":{"line":24,"column":0},"end":{"line":26,"column":1}},"11":{"start":{"line":25,"column":2},"end":{"line":25,"column":34}}},"fnMap":{},"branchMap":{"0":{"loc":{"start":{"line":9,"column":0},"end":{"line":11,"column":1}},"type":"if","locations":[{"start":{"line":9,"column":0},"end":{"line":11,"column":1}}]},"1":{"loc":{"start":{"line":14,"column":23},"end":{"line":14,"column":104}},"type":"cond-expr","locations":[{"start":{"line":14,"column":57},"end":{"line":14,"column":90}},{"start":{"line":14,"column":93},"end":{"line":14,"column":104}}]},"2":{"loc":{"start":{"line":18,"column":2},"end":{"line":22,"column":4}},"type":"binary-expr","locations":[{"start":{"line":18,"column":2},"end":{"line":18,"column":24}},{"start":{"line":19,"column":2},"end":{"line":22,"column":4}}]},"3":{"loc":{"start":{"line":24,"column":0},"end":{"line":26,"column":1}},"type":"if","locations":[{"start":{"line":24,"column":0},"end":{"line":26,"column":1}}]}},"s":{"0":1,"1":1,"2":1,"3":1,"4":1,"5":1,"6":0,"7":1,"8":1,"9":1,"10":1,"11":1},"f":{},"b":{"0":[0],"1":[1,0],"2":[1,1],"3":[1]}}
,"/Users/valentingorin/IT/Testing/backend/src/lib/validation.ts": {"path":"/Users/valentingorin/IT/Testing/backend/src/lib/validation.ts","statementMap":{"0":{"start":{"line":188,"column":0},"end":{"line":188,"column":16}},"1":{"start":{"line":194,"column":0},"end":{"line":194,"column":16}},"2":{"start":{"line":200,"column":0},"end":{"line":200,"column":16}},"3":{"start":{"line":1,"column":0},"end":{"line":1,"column":24}},"4":{"start":{"line":3,"column":0},"end":{"line":3,"column":138}},"5":{"start":{"line":5,"column":13},"end":{"line":15,"column":3}},"6":{"start":{"line":17,"column":13},"end":{"line":21,"column":3}},"7":{"start":{"line":23,"column":13},"end":{"line":31,"column":3}},"8":{"start":{"line":33,"column":32},"end":{"line":43,"column":11}},"9":{"start":{"line":45,"column":28},"end":{"line":49,"column":11}},"10":{"start":{"line":51,"column":29},"end":{"line":59,"column":11}},"11":{"start":{"line":61,"column":13},"end":{"line":71,"column":2}},"12":{"start":{"line":73,"column":13},"end":{"line":77,"column":2}},"13":{"start":{"line":79,"column":13},"end":{"line":87,"column":2}},"14":{"start":{"line":89,"column":26},"end":{"line":103,"column":2}},"15":{"start":{"line":97,"column":53},"end":{"line":97,"column":79}},"16":{"start":{"line":98,"column":52},"end":{"line":98,"column":74}},"17":{"start":{"line":105,"column":13},"end":{"line":111,"column":3}},"18":{"start":{"line":106,"column":14},"end":{"line":106,"column":70}},"19":{"start":{"line":107,"column":2},"end":{"line":107,"column":20}},"20":{"start":{"line":113,"column":13},"end":{"line":123,"column":3}},"21":{"start":{"line":115,"column":2},"end":{"line":118,"column":3}},"22":{"start":{"line":116,"column":16},"end":{"line":116,"column":72}},"23":{"start":{"line":117,"column":4},"end":{"line":117,"column":22}},"24":{"start":{"line":119,"column":2},"end":{"line":119,"column":14}},"25":{"start":{"line":128,"column":23},"end":{"line":128,"column":43}},"26":{"start":{"line":130,"column":13},"end":{"line":133,"column":3}},"27":{"start":{"line":135,"column":13},"end":{"line":153,"column":3}},"28":{"start":{"line":155,"column":13},"end":{"line":157,"column":3}},"29":{"start":{"line":159,"column":13},"end":{"line":161,"column":3}},"30":{"start":{"line":166,"column":13},"end":{"line":178,"column":3}},"31":{"start":{"line":180,"column":13},"end":{"line":186,"column":3}},"32":{"start":{"line":189,"column":18},"end":{"line":189,"column":88}},"33":{"start":{"line":190,"column":2},"end":{"line":190,"column":69}},"34":{"start":{"line":190,"column":15},"end":{"line":190,"column":69}},"35":{"start":{"line":191,"column":2},"end":{"line":191,"column":16}},"36":{"start":{"line":195,"column":18},"end":{"line":195,"column":80}},"37":{"start":{"line":196,"column":2},"end":{"line":196,"column":65}},"38":{"start":{"line":196,"column":15},"end":{"line":196,"column":65}},"39":{"start":{"line":197,"column":2},"end":{"line":197,"column":16}},"40":{"start":{"line":201,"column":18},"end":{"line":201,"column":82}},"41":{"start":{"line":202,"column":2},"end":{"line":202,"column":66}},"42":{"start":{"line":202,"column":15},"end":{"line":202,"column":66}},"43":{"start":{"line":203,"column":2},"end":{"line":203,"column":16}}},"fnMap":{"0":{"name":"(anonymous_0)","decl":{"start":{"line":97,"column":46},"end":{"line":97,"column":47}},"loc":{"start":{"line":97,"column":53},"end":{"line":97,"column":79}}},"1":{"name":"(anonymous_1)","decl":{"start":{"line":98,"column":45},"end":{"line":98,"column":46}},"loc":{"start":{"line":98,"column":52},"end":{"line":98,"column":74}}},"2":{"name":"(anonymous_2)","decl":{"start":{"line":105,"column":60},"end":{"line":105,"column":61}},"loc":{"start":{"line":105,"column":69},"end":{"line":108,"column":1}}},"3":{"name":"(anonymous_3)","decl":{"start":{"line":113,"column":70},"end":{"line":113,"column":71}},"loc":{"start":{"line":113,"column":79},"end":{"line":120,"column":1}}},"4":{"name":"parseProductCategoryRuToEnum","decl":{"start":{"line":188,"column":16},"end":{"line":188,"column":44}},"loc":{"start":{"line":188,"column":58},"end":{"line":192,"column":1}}},"5":{"name":"parseCookingNeedRuToEnum","decl":{"start":{"line":194,"column":16},"end":{"line":194,"column":40}},"loc":{"start":{"line":194,"column":54},"end":{"line":198,"column":1}}},"6":{"name":"parseDishCategoryRuToEnum","decl":{"start":{"line":200,"column":16},"end":{"line":200,"column":41}},"loc":{"start":{"line":200,"column":55},"end":{"line":204,"column":1}}}},"branchMap":{"0":{"loc":{"start":{"line":115,"column":2},"end":{"line":118,"column":3}},"type":"if","locations":[{"start":{"line":115,"column":2},"end":{"line":118,"column":3}}]},"1":{"loc":{"start":{"line":115,"column":6},"end":{"line":115,"column":106}},"type":"binary-expr","locations":[{"start":{"line":115,"column":6},"end":{"line":115,"column":39}},{"start":{"line":115,"column":43},"end":{"line":115,"column":72}},{"start":{"line":115,"column":76},"end":{"line":115,"column":106}}]},"2":{"loc":{"start":{"line":190,"column":2},"end":{"line":190,"column":69}},"type":"if","locations":[{"start":{"line":190,"column":2},"end":{"line":190,"column":69}}]},"3":{"loc":{"start":{"line":196,"column":2},"end":{"line":196,"column":65}},"type":"if","locations":[{"start":{"line":196,"column":2},"end":{"line":196,"column":65}}]},"4":{"loc":{"start":{"line":202,"column":2},"end":{"line":202,"column":66}},"type":"if","locations":[{"start":{"line":202,"column":2},"end":{"line":202,"column":66}}]}},"s":{"0":1,"1":1,"2":1,"3":1,"4":1,"5":1,"6":1,"7":1,"8":1,"9":1,"10":1,"11":1,"12":1,"13":1,"14":1,"15":2,"16":2,"17":1,"18":2,"19":2,"20":1,"21":0,"22":0,"23":0,"24":0,"25":1,"26":1,"27":1,"28":1,"29":1,"30":1,"31":1,"32":0,"33":0,"34":0,"35":0,"36":0,"37":0,"38":0,"39":0,"40":10,"41":10,"42":0,"43":10},"f":{"0":2,"1":2,"2":2,"3":0,"4":0,"5":0,"6":10},"b":{"0":[0],"1":[0,0,0],"2":[0],"3":[0],"4":[0]}}
,"/Users/valentingorin/IT/Testing/backend/src/middleware/errorHandler.ts": {"path":"/Users/valentingorin/IT/Testing/backend/src/middleware/errorHandler.ts","statementMap":{"0":{"start":{"line":5,"column":0},"end":{"line":5,"column":16}},"1":{"start":{"line":2,"column":0},"end":{"line":2,"column":31}},"2":{"start":{"line":3,"column":0},"end":{"line":3,"column":45}},"3":{"start":{"line":6,"column":2},"end":{"line":14,"column":3}},"4":{"start":{"line":7,"column":4},"end":{"line":13,"column":7}},"5":{"start":{"line":16,"column":2},"end":{"line":24,"column":3}},"6":{"start":{"line":17,"column":4},"end":{"line":23,"column":7}},"7":{"start":{"line":27,"column":2},"end":{"line":27,"column":21}},"8":{"start":{"line":28,"column":2},"end":{"line":33,"column":5}}},"fnMap":{"0":{"name":"errorHandler","decl":{"start":{"line":5,"column":16},"end":{"line":5,"column":28}},"loc":{"start":{"line":5,"column":92},"end":{"line":34,"column":1}}}},"branchMap":{"0":{"loc":{"start":{"line":6,"column":2},"end":{"line":14,"column":3}},"type":"if","locations":[{"start":{"line":6,"column":2},"end":{"line":14,"column":3}}]},"1":{"loc":{"start":{"line":16,"column":2},"end":{"line":24,"column":3}},"type":"if","locations":[{"start":{"line":16,"column":2},"end":{"line":24,"column":3}}]}},"s":{"0":1,"1":1,"2":1,"3":3,"4":0,"5":3,"6":3,"7":0,"8":0},"f":{"0":3},"b":{"0":[0],"1":[3]}}
,"/Users/valentingorin/IT/Testing/backend/src/routes/dishes.ts": {"path":"/Users/valentingorin/IT/Testing/backend/src/routes/dishes.ts","statementMap":{"0":{"start":{"line":1,"column":0},"end":{"line":1,"column":33}},"1":{"start":{"line":2,"column":0},"end":{"line":2,"column":45}},"2":{"start":{"line":3,"column":0},"end":{"line":3,"column":39}},"3":{"start":{"line":4,"column":0},"end":{"line":4,"column":null}},"4":{"start":{"line":15,"column":0},"end":{"line":15,"column":63}},"5":{"start":{"line":16,"column":0},"end":{"line":16,"column":57}},"6":{"start":{"line":17,"column":0},"end":{"line":17,"column":89}},"7":{"start":{"line":19,"column":13},"end":{"line":19,"column":37}},"8":{"start":{"line":21,"column":0},"end":{"line":64,"column":3}},"9":{"start":{"line":22,"column":2},"end":{"line":63,"column":3}},"10":{"start":{"line":23,"column":19},"end":{"line":23,"column":53}},"11":{"start":{"line":25,"column":23},"end":{"line":25,"column":25}},"12":{"start":{"line":27,"column":4},"end":{"line":29,"column":5}},"13":{"start":{"line":28,"column":6},"end":{"line":28,"column":66}},"14":{"start":{"line":31,"column":4},"end":{"line":31,"column":41}},"15":{"start":{"line":31,"column":22},"end":{"line":31,"column":41}},"16":{"start":{"line":32,"column":4},"end":{"line":32,"column":51}},"17":{"start":{"line":32,"column":27},"end":{"line":32,"column":51}},"18":{"start":{"line":33,"column":4},"end":{"line":33,"column":49}},"19":{"start":{"line":33,"column":26},"end":{"line":33,"column":49}},"20":{"start":{"line":35,"column":16},"end":{"line":35,"column":53}},"21":{"start":{"line":38,"column":4},"end":{"line":41,"column":5}},"22":{"start":{"line":39,"column":26},"end":{"line":39,"column":53}},"23":{"start":{"line":40,"column":6},"end":{"line":40,"column":78}},"24":{"start":{"line":40,"column":34},"end":{"line":40,"column":76}},"25":{"start":{"line":43,"column":4},"end":{"line":60,"column":7}},"26":{"start":{"line":44,"column":31},"end":{"line":59,"column":8}},"27":{"start":{"line":62,"column":4},"end":{"line":62,"column":14}},"28":{"start":{"line":66,"column":0},"end":{"line":123,"column":3}},"29":{"start":{"line":67,"column":2},"end":{"line":122,"column":3}},"30":{"start":{"line":68,"column":15},"end":{"line":68,"column":36}},"31":{"start":{"line":69,"column":4},"end":{"line":71,"column":5}},"32":{"start":{"line":70,"column":6},"end":{"line":70,"column":87}},"33":{"start":{"line":73,"column":17},"end":{"line":82,"column":6}},"34":{"start":{"line":84,"column":4},"end":{"line":84,"column":98}},"35":{"start":{"line":84,"column":15},"end":{"line":84,"column":98}},"36":{"start":{"line":86,"column":4},"end":{"line":119,"column":7}},"37":{"start":{"line":102,"column":52},"end":{"line":117,"column":10}},"38":{"start":{"line":121,"column":4},"end":{"line":121,"column":14}},"39":{"start":{"line":126,"column":19},"end":{"line":139,"column":4}},"40":{"start":{"line":140,"column":2},"end":{"line":140,"column":18}},"41":{"start":{"line":143,"column":0},"end":{"line":264,"column":3}},"42":{"start":{"line":144,"column":2},"end":{"line":263,"column":3}},"43":{"start":{"line":145,"column":18},"end":{"line":145,"column":69}},"44":{"start":{"line":147,"column":47},"end":{"line":147,"column":85}},"45":{"start":{"line":149,"column":28},"end":{"line":149,"column":61}},"46":{"start":{"line":150,"column":4},"end":{"line":156,"column":5}},"47":{"start":{"line":151,"column":6},"end":{"line":155,"column":9}},"48":{"start":{"line":158,"column":25},"end":{"line":158,"column":67}},"49":{"start":{"line":160,"column":23},"end":{"line":160,"column":60}},"50":{"start":{"line":160,"column":47},"end":{"line":160,"column":59}},"51":{"start":{"line":161,"column":19},"end":{"line":161,"column":38}},"52":{"start":{"line":162,"column":4},"end":{"line":168,"column":5}},"53":{"start":{"line":163,"column":6},"end":{"line":167,"column":9}},"54":{"start":{"line":170,"column":21},"end":{"line":170,"column":69}},"55":{"start":{"line":171,"column":4},"end":{"line":177,"column":5}},"56":{"start":{"line":172,"column":6},"end":{"line":176,"column":9}},"57":{"start":{"line":179,"column":24},"end":{"line":179,"column":63}},"58":{"start":{"line":179,"column":52},"end":{"line":179,"column":61}},"59":{"start":{"line":180,"column":31},"end":{"line":188,"column":7}},"60":{"start":{"line":180,"column":56},"end":{"line":188,"column":6}},"61":{"start":{"line":190,"column":21},"end":{"line":195,"column":6}},"62":{"start":{"line":191,"column":44},"end":{"line":194,"column":8}},"63":{"start":{"line":197,"column":20},"end":{"line":198,"column":null}},"64":{"start":{"line":198,"column":27},"end":{"line":198,"column":95}},"65":{"start":{"line":201,"column":18},"end":{"line":208,"column":6}},"66":{"start":{"line":210,"column":20},"end":{"line":237,"column":6}},"67":{"start":{"line":226,"column":43},"end":{"line":229,"column":12}},"68":{"start":{"line":239,"column":4},"end":{"line":260,"column":7}},"69":{"start":{"line":255,"column":55},"end":{"line":258,"column":10}},"70":{"start":{"line":262,"column":4},"end":{"line":262,"column":14}},"71":{"start":{"line":266,"column":0},"end":{"line":390,"column":3}},"72":{"start":{"line":267,"column":2},"end":{"line":389,"column":3}},"73":{"start":{"line":268,"column":15},"end":{"line":268,"column":36}},"74":{"start":{"line":269,"column":4},"end":{"line":271,"column":5}},"75":{"start":{"line":270,"column":6},"end":{"line":270,"column":87}},"76":{"start":{"line":273,"column":18},"end":{"line":273,"column":69}},"77":{"start":{"line":275,"column":21},"end":{"line":278,"column":6}},"78":{"start":{"line":279,"column":4},"end":{"line":279,"column":102}},"79":{"start":{"line":279,"column":19},"end":{"line":279,"column":102}},"80":{"start":{"line":281,"column":29},"end":{"line":281,"column":56}},"81":{"start":{"line":282,"column":47},"end":{"line":282,"column":91}},"82":{"start":{"line":284,"column":28},"end":{"line":284,"column":104}},"83":{"start":{"line":285,"column":25},"end":{"line":285,"column":67}},"84":{"start":{"line":287,"column":23},"end":{"line":287,"column":60}},"85":{"start":{"line":287,"column":47},"end":{"line":287,"column":59}},"86":{"start":{"line":288,"column":19},"end":{"line":288,"column":38}},"87":{"start":{"line":289,"column":4},"end":{"line":295,"column":5}},"88":{"start":{"line":290,"column":6},"end":{"line":294,"column":9}},"89":{"start":{"line":297,"column":21},"end":{"line":297,"column":69}},"90":{"start":{"line":298,"column":4},"end":{"line":304,"column":5}},"91":{"start":{"line":299,"column":6},"end":{"line":303,"column":9}},"92":{"start":{"line":306,"column":24},"end":{"line":306,"column":63}},"93":{"start":{"line":306,"column":52},"end":{"line":306,"column":61}},"94":{"start":{"line":307,"column":31},"end":{"line":315,"column":7}},"95":{"start":{"line":307,"column":56},"end":{"line":315,"column":6}},"96":{"start":{"line":317,"column":21},"end":{"line":322,"column":6}},"97":{"start":{"line":318,"column":44},"end":{"line":321,"column":8}},"98":{"start":{"line":324,"column":20},"end":{"line":325,"column":null}},"99":{"start":{"line":325,"column":27},"end":{"line":325,"column":95}},"100":{"start":{"line":328,"column":18},"end":{"line":335,"column":6}},"101":{"start":{"line":337,"column":20},"end":{"line":363,"column":6}},"102":{"start":{"line":338,"column":6},"end":{"line":338,"column":65}},"103":{"start":{"line":340,"column":6},"end":{"line":362,"column":9}},"104":{"start":{"line":355,"column":45},"end":{"line":358,"column":14}},"105":{"start":{"line":365,"column":4},"end":{"line":386,"column":7}},"106":{"start":{"line":381,"column":55},"end":{"line":384,"column":10}},"107":{"start":{"line":388,"column":4},"end":{"line":388,"column":14}},"108":{"start":{"line":392,"column":0},"end":{"line":403,"column":3}},"109":{"start":{"line":393,"column":2},"end":{"line":402,"column":3}},"110":{"start":{"line":394,"column":15},"end":{"line":394,"column":36}},"111":{"start":{"line":395,"column":4},"end":{"line":397,"column":5}},"112":{"start":{"line":396,"column":6},"end":{"line":396,"column":87}},"113":{"start":{"line":398,"column":4},"end":{"line":398,"column":48}},"114":{"start":{"line":399,"column":4},"end":{"line":399,"column":27}},"115":{"start":{"line":401,"column":4},"end":{"line":401,"column":14}}},"fnMap":{"0":{"name":"(anonymous_0)","decl":{"start":{"line":21,"column":22},"end":{"line":21,"column":27}},"loc":{"start":{"line":21,"column":47},"end":{"line":64,"column":1}}},"1":{"name":"(anonymous_1)","decl":{"start":{"line":40,"column":27},"end":{"line":40,"column":28}},"loc":{"start":{"line":40,"column":34},"end":{"line":40,"column":76}}},"2":{"name":"(anonymous_2)","decl":{"start":{"line":44,"column":23},"end":{"line":44,"column":24}},"loc":{"start":{"line":44,"column":31},"end":{"line":59,"column":8}}},"3":{"name":"(anonymous_3)","decl":{"start":{"line":66,"column":25},"end":{"line":66,"column":30}},"loc":{"start":{"line":66,"column":50},"end":{"line":123,"column":1}}},"4":{"name":"(anonymous_4)","decl":{"start":{"line":102,"column":43},"end":{"line":102,"column":44}},"loc":{"start":{"line":102,"column":52},"end":{"line":117,"column":10}}},"5":{"name":"loadProductsForDishComposition","decl":{"start":{"line":125,"column":15},"end":{"line":125,"column":45}},"loc":{"start":{"line":125,"column":66},"end":{"line":141,"column":1}}},"6":{"name":"(anonymous_6)","decl":{"start":{"line":143,"column":23},"end":{"line":143,"column":28}},"loc":{"start":{"line":143,"column":48},"end":{"line":264,"column":1}}},"7":{"name":"(anonymous_7)","decl":{"start":{"line":160,"column":39},"end":{"line":160,"column":40}},"loc":{"start":{"line":160,"column":47},"end":{"line":160,"column":59}}},"8":{"name":"(anonymous_8)","decl":{"start":{"line":179,"column":45},"end":{"line":179,"column":46}},"loc":{"start":{"line":179,"column":52},"end":{"line":179,"column":61}}},"9":{"name":"(anonymous_9)","decl":{"start":{"line":180,"column":47},"end":{"line":180,"column":48}},"loc":{"start":{"line":180,"column":56},"end":{"line":188,"column":6}}},"10":{"name":"(anonymous_10)","decl":{"start":{"line":191,"column":36},"end":{"line":191,"column":37}},"loc":{"start":{"line":191,"column":44},"end":{"line":194,"column":8}}},"11":{"name":"(anonymous_11)","decl":{"start":{"line":198,"column":19},"end":{"line":198,"column":20}},"loc":{"start":{"line":198,"column":27},"end":{"line":198,"column":95}}},"12":{"name":"(anonymous_12)","decl":{"start":{"line":226,"column":34},"end":{"line":226,"column":35}},"loc":{"start":{"line":226,"column":43},"end":{"line":229,"column":12}}},"13":{"name":"(anonymous_13)","decl":{"start":{"line":255,"column":46},"end":{"line":255,"column":47}},"loc":{"start":{"line":255,"column":55},"end":{"line":258,"column":10}}},"14":{"name":"(anonymous_14)","decl":{"start":{"line":266,"column":25},"end":{"line":266,"column":30}},"loc":{"start":{"line":266,"column":50},"end":{"line":390,"column":1}}},"15":{"name":"(anonymous_15)","decl":{"start":{"line":287,"column":39},"end":{"line":287,"column":40}},"loc":{"start":{"line":287,"column":47},"end":{"line":287,"column":59}}},"16":{"name":"(anonymous_16)","decl":{"start":{"line":306,"column":45},"end":{"line":306,"column":46}},"loc":{"start":{"line":306,"column":52},"end":{"line":306,"column":61}}},"17":{"name":"(anonymous_17)","decl":{"start":{"line":307,"column":47},"end":{"line":307,"column":48}},"loc":{"start":{"line":307,"column":56},"end":{"line":315,"column":6}}},"18":{"name":"(anonymous_18)","decl":{"start":{"line":318,"column":36},"end":{"line":318,"column":37}},"loc":{"start":{"line":318,"column":44},"end":{"line":321,"column":8}}},"19":{"name":"(anonymous_19)","decl":{"start":{"line":325,"column":19},"end":{"line":325,"column":20}},"loc":{"start":{"line":325,"column":27},"end":{"line":325,"column":95}}},"20":{"name":"(anonymous_20)","decl":{"start":{"line":337,"column":46},"end":{"line":337,"column":51}},"loc":{"start":{"line":337,"column":59},"end":{"line":363,"column":5}}},"21":{"name":"(anonymous_21)","decl":{"start":{"line":355,"column":36},"end":{"line":355,"column":37}},"loc":{"start":{"line":355,"column":45},"end":{"line":358,"column":14}}},"22":{"name":"(anonymous_22)","decl":{"start":{"line":381,"column":46},"end":{"line":381,"column":47}},"loc":{"start":{"line":381,"column":55},"end":{"line":384,"column":10}}},"23":{"name":"(anonymous_23)","decl":{"start":{"line":392,"column":28},"end":{"line":392,"column":33}},"loc":{"start":{"line":392,"column":53},"end":{"line":403,"column":1}}}},"branchMap":{"0":{"loc":{"start":{"line":27,"column":4},"end":{"line":29,"column":5}},"type":"if","locations":[{"start":{"line":27,"column":4},"end":{"line":29,"column":5}}]},"1":{"loc":{"start":{"line":31,"column":4},"end":{"line":31,"column":41}},"type":"if","locations":[{"start":{"line":31,"column":4},"end":{"line":31,"column":41}}]},"2":{"loc":{"start":{"line":32,"column":4},"end":{"line":32,"column":51}},"type":"if","locations":[{"start":{"line":32,"column":4},"end":{"line":32,"column":51}}]},"3":{"loc":{"start":{"line":33,"column":4},"end":{"line":33,"column":49}},"type":"if","locations":[{"start":{"line":33,"column":4},"end":{"line":33,"column":49}}]},"4":{"loc":{"start":{"line":38,"column":4},"end":{"line":41,"column":5}},"type":"if","locations":[{"start":{"line":38,"column":4},"end":{"line":41,"column":5}}]},"5":{"loc":{"start":{"line":47,"column":17},"end":{"line":47,"column":31}},"type":"binary-expr","locations":[{"start":{"line":47,"column":17},"end":{"line":47,"column":25}},{"start":{"line":47,"column":29},"end":{"line":47,"column":31}}]},"6":{"loc":{"start":{"line":58,"column":19},"end":{"line":58,"column":65}},"type":"cond-expr","locations":[{"start":{"line":58,"column":33},"end":{"line":58,"column":58}},{"start":{"line":58,"column":61},"end":{"line":58,"column":65}}]},"7":{"loc":{"start":{"line":69,"column":4},"end":{"line":71,"column":5}},"type":"if","locations":[{"start":{"line":69,"column":4},"end":{"line":71,"column":5}}]},"8":{"loc":{"start":{"line":84,"column":4},"end":{"line":84,"column":98}},"type":"if","locations":[{"start":{"line":84,"column":4},"end":{"line":84,"column":98}}]},"9":{"loc":{"start":{"line":90,"column":17},"end":{"line":90,"column":34}},"type":"binary-expr","locations":[{"start":{"line":90,"column":17},"end":{"line":90,"column":28}},{"start":{"line":90,"column":32},"end":{"line":90,"column":34}}]},"10":{"loc":{"start":{"line":101,"column":19},"end":{"line":101,"column":71}},"type":"cond-expr","locations":[{"start":{"line":101,"column":36},"end":{"line":101,"column":64}},{"start":{"line":101,"column":67},"end":{"line":101,"column":71}}]},"11":{"loc":{"start":{"line":149,"column":28},"end":{"line":149,"column":61}},"type":"binary-expr","locations":[{"start":{"line":149,"column":28},"end":{"line":149,"column":42}},{"start":{"line":149,"column":46},"end":{"line":149,"column":61}}]},"12":{"loc":{"start":{"line":150,"column":4},"end":{"line":156,"column":5}},"type":"if","locations":[{"start":{"line":150,"column":4},"end":{"line":156,"column":5}}]},"13":{"loc":{"start":{"line":162,"column":4},"end":{"line":168,"column":5}},"type":"if","locations":[{"start":{"line":162,"column":4},"end":{"line":168,"column":5}}]},"14":{"loc":{"start":{"line":171,"column":4},"end":{"line":177,"column":5}},"type":"if","locations":[{"start":{"line":171,"column":4},"end":{"line":177,"column":5}}]},"15":{"loc":{"start":{"line":220,"column":18},"end":{"line":220,"column":53}},"type":"binary-expr","locations":[{"start":{"line":220,"column":18},"end":{"line":220,"column":32}},{"start":{"line":220,"column":36},"end":{"line":220,"column":53}}]},"16":{"loc":{"start":{"line":221,"column":18},"end":{"line":221,"column":53}},"type":"binary-expr","locations":[{"start":{"line":221,"column":18},"end":{"line":221,"column":32}},{"start":{"line":221,"column":36},"end":{"line":221,"column":53}}]},"17":{"loc":{"start":{"line":222,"column":14},"end":{"line":222,"column":41}},"type":"binary-expr","locations":[{"start":{"line":222,"column":14},"end":{"line":222,"column":24}},{"start":{"line":222,"column":28},"end":{"line":222,"column":41}}]},"18":{"loc":{"start":{"line":223,"column":15},"end":{"line":223,"column":44}},"type":"binary-expr","locations":[{"start":{"line":223,"column":15},"end":{"line":223,"column":26}},{"start":{"line":223,"column":30},"end":{"line":223,"column":44}}]},"19":{"loc":{"start":{"line":243,"column":17},"end":{"line":243,"column":37}},"type":"binary-expr","locations":[{"start":{"line":243,"column":17},"end":{"line":243,"column":31}},{"start":{"line":243,"column":35},"end":{"line":243,"column":37}}]},"20":{"loc":{"start":{"line":254,"column":19},"end":{"line":254,"column":77}},"type":"cond-expr","locations":[{"start":{"line":254,"column":39},"end":{"line":254,"column":70}},{"start":{"line":254,"column":73},"end":{"line":254,"column":77}}]},"21":{"loc":{"start":{"line":269,"column":4},"end":{"line":271,"column":5}},"type":"if","locations":[{"start":{"line":269,"column":4},"end":{"line":271,"column":5}}]},"22":{"loc":{"start":{"line":279,"column":4},"end":{"line":279,"column":102}},"type":"if","locations":[{"start":{"line":279,"column":4},"end":{"line":279,"column":102}}]},"23":{"loc":{"start":{"line":281,"column":29},"end":{"line":281,"column":56}},"type":"binary-expr","locations":[{"start":{"line":281,"column":29},"end":{"line":281,"column":39}},{"start":{"line":281,"column":43},"end":{"line":281,"column":56}}]},"24":{"loc":{"start":{"line":284,"column":28},"end":{"line":284,"column":104}},"type":"binary-expr","locations":[{"start":{"line":284,"column":28},"end":{"line":284,"column":42}},{"start":{"line":284,"column":46},"end":{"line":284,"column":61}},{"start":{"line":284,"column":65},"end":{"line":284,"column":104}}]},"25":{"loc":{"start":{"line":289,"column":4},"end":{"line":295,"column":5}},"type":"if","locations":[{"start":{"line":289,"column":4},"end":{"line":295,"column":5}}]},"26":{"loc":{"start":{"line":298,"column":4},"end":{"line":304,"column":5}},"type":"if","locations":[{"start":{"line":298,"column":4},"end":{"line":304,"column":5}}]},"27":{"loc":{"start":{"line":350,"column":20},"end":{"line":350,"column":55}},"type":"binary-expr","locations":[{"start":{"line":350,"column":20},"end":{"line":350,"column":34}},{"start":{"line":350,"column":38},"end":{"line":350,"column":55}}]},"28":{"loc":{"start":{"line":351,"column":20},"end":{"line":351,"column":55}},"type":"binary-expr","locations":[{"start":{"line":351,"column":20},"end":{"line":351,"column":34}},{"start":{"line":351,"column":38},"end":{"line":351,"column":55}}]},"29":{"loc":{"start":{"line":352,"column":16},"end":{"line":352,"column":43}},"type":"binary-expr","locations":[{"start":{"line":352,"column":16},"end":{"line":352,"column":26}},{"start":{"line":352,"column":30},"end":{"line":352,"column":43}}]},"30":{"loc":{"start":{"line":353,"column":17},"end":{"line":353,"column":46}},"type":"binary-expr","locations":[{"start":{"line":353,"column":17},"end":{"line":353,"column":28}},{"start":{"line":353,"column":32},"end":{"line":353,"column":46}}]},"31":{"loc":{"start":{"line":369,"column":17},"end":{"line":369,"column":37}},"type":"binary-expr","locations":[{"start":{"line":369,"column":17},"end":{"line":369,"column":31}},{"start":{"line":369,"column":35},"end":{"line":369,"column":37}}]},"32":{"loc":{"start":{"line":380,"column":19},"end":{"line":380,"column":77}},"type":"cond-expr","locations":[{"start":{"line":380,"column":39},"end":{"line":380,"column":70}},{"start":{"line":380,"column":73},"end":{"line":380,"column":77}}]},"33":{"loc":{"start":{"line":395,"column":4},"end":{"line":397,"column":5}},"type":"if","locations":[{"start":{"line":395,"column":4},"end":{"line":397,"column":5}}]}},"s":{"0":1,"1":1,"2":1,"3":1,"4":1,"5":1,"6":1,"7":1,"8":1,"9":0,"10":0,"11":0,"12":0,"13":0,"14":0,"15":0,"16":0,"17":0,"18":0,"19":0,"20":0,"21":0,"22":0,"23":0,"24":0,"25":0,"26":0,"27":0,"28":1,"29":0,"30":0,"31":0,"32":0,"33":0,"34":0,"35":0,"36":0,"37":0,"38":0,"39":10,"40":10,"41":1,"42":13,"43":13,"44":10,"45":10,"46":10,"47":0,"48":10,"49":10,"50":11,"51":10,"52":10,"53":0,"54":10,"55":10,"56":0,"57":10,"58":11,"59":10,"60":11,"61":10,"62":11,"63":10,"64":11,"65":10,"66":10,"67":11,"68":10,"69":11,"70":3,"71":1,"72":0,"73":0,"74":0,"75":0,"76":0,"77":0,"78":0,"79":0,"80":0,"81":0,"82":0,"83":0,"84":0,"85":0,"86":0,"87":0,"88":0,"89":0,"90":0,"91":0,"92":0,"93":0,"94":0,"95":0,"96":0,"97":0,"98":0,"99":0,"100":0,"101":0,"102":0,"103":0,"104":0,"105":0,"106":0,"107":0,"108":1,"109":0,"110":0,"111":0,"112":0,"113":0,"114":0,"115":0},"f":{"0":0,"1":0,"2":0,"3":0,"4":0,"5":10,"6":13,"7":11,"8":11,"9":11,"10":11,"11":11,"12":11,"13":11,"14":0,"15":0,"16":0,"17":0,"18":0,"19":0,"20":0,"21":0,"22":0,"23":0},"b":{"0":[0],"1":[0],"2":[0],"3":[0],"4":[0],"5":[0,0],"6":[0,0],"7":[0],"8":[0],"9":[0,0],"10":[0,0],"11":[10,0],"12":[0],"13":[0],"14":[0],"15":[10,9],"16":[10,9],"17":[10,9],"18":[10,9],"19":[10,0],"20":[10,0],"21":[0],"22":[0],"23":[0,0],"24":[0,0,0],"25":[0],"26":[0],"27":[0,0],"28":[0,0],"29":[0,0],"30":[0,0],"31":[0,0],"32":[0,0],"33":[0]}}
,"/Users/valentingorin/IT/Testing/backend/src/routes/health.ts": {"path":"/Users/valentingorin/IT/Testing/backend/src/routes/health.ts","statementMap":{"0":{"start":{"line":1,"column":0},"end":{"line":1,"column":33}},"1":{"start":{"line":3,"column":13},"end":{"line":3,"column":37}},"2":{"start":{"line":5,"column":0},"end":{"line":7,"column":3}},"3":{"start":{"line":6,"column":2},"end":{"line":6,"column":25}}},"fnMap":{"0":{"name":"(anonymous_0)","decl":{"start":{"line":5,"column":22},"end":{"line":5,"column":23}},"loc":{"start":{"line":5,"column":36},"end":{"line":7,"column":1}}}},"branchMap":{},"s":{"0":1,"1":1,"2":1,"3":0},"f":{"0":0},"b":{}}
,"/Users/valentingorin/IT/Testing/backend/src/routes/products.ts": {"path":"/Users/valentingorin/IT/Testing/backend/src/routes/products.ts","statementMap":{"0":{"start":{"line":1,"column":0},"end":{"line":1,"column":33}},"1":{"start":{"line":2,"column":0},"end":{"line":2,"column":24}},"2":{"start":{"line":3,"column":0},"end":{"line":3,"column":39}},"3":{"start":{"line":4,"column":0},"end":{"line":4,"column":45}},"4":{"start":{"line":5,"column":0},"end":{"line":5,"column":null}},"5":{"start":{"line":18,"column":13},"end":{"line":18,"column":39}},"6":{"start":{"line":20,"column":28},"end":{"line":36,"column":2}},"7":{"start":{"line":38,"column":0},"end":{"line":111,"column":3}},"8":{"start":{"line":39,"column":2},"end":{"line":110,"column":3}},"9":{"start":{"line":40,"column":19},"end":{"line":40,"column":55}},"10":{"start":{"line":42,"column":23},"end":{"line":42,"column":25}},"11":{"start":{"line":44,"column":4},"end":{"line":51,"column":5}},"12":{"start":{"line":45,"column":6},"end":{"line":50,"column":7}},"13":{"start":{"line":46,"column":8},"end":{"line":46,"column":71}},"14":{"start":{"line":48,"column":8},"end":{"line":48,"column":68}},"15":{"start":{"line":52,"column":4},"end":{"line":59,"column":5}},"16":{"start":{"line":53,"column":6},"end":{"line":58,"column":7}},"17":{"start":{"line":54,"column":8},"end":{"line":54,"column":73}},"18":{"start":{"line":56,"column":8},"end":{"line":56,"column":74}},"19":{"start":{"line":61,"column":4},"end":{"line":61,"column":41}},"20":{"start":{"line":61,"column":22},"end":{"line":61,"column":41}},"21":{"start":{"line":62,"column":4},"end":{"line":62,"column":51}},"22":{"start":{"line":62,"column":27},"end":{"line":62,"column":51}},"23":{"start":{"line":63,"column":4},"end":{"line":63,"column":49}},"24":{"start":{"line":63,"column":26},"end":{"line":63,"column":49}},"25":{"start":{"line":65,"column":16},"end":{"line":65,"column":54}},"26":{"start":{"line":68,"column":6},"end":{"line":76,"column":36}},"27":{"start":{"line":78,"column":16},"end":{"line":81,"column":6}},"28":{"start":{"line":84,"column":4},"end":{"line":87,"column":5}},"29":{"start":{"line":85,"column":26},"end":{"line":85,"column":53}},"30":{"start":{"line":86,"column":6},"end":{"line":86,"column":78}},"31":{"start":{"line":86,"column":34},"end":{"line":86,"column":76}},"32":{"start":{"line":89,"column":4},"end":{"line":107,"column":7}},"33":{"start":{"line":90,"column":31},"end":{"line":106,"column":8}},"34":{"start":{"line":109,"column":4},"end":{"line":109,"column":14}},"35":{"start":{"line":113,"column":0},"end":{"line":143,"column":3}},"36":{"start":{"line":114,"column":2},"end":{"line":142,"column":3}},"37":{"start":{"line":115,"column":15},"end":{"line":115,"column":36}},"38":{"start":{"line":116,"column":4},"end":{"line":116,"column":111}},"39":{"start":{"line":116,"column":30},"end":{"line":116,"column":111}},"40":{"start":{"line":118,"column":14},"end":{"line":118,"column":64}},"41":{"start":{"line":119,"column":4},"end":{"line":119,"column":98}},"42":{"start":{"line":119,"column":12},"end":{"line":119,"column":98}},"43":{"start":{"line":121,"column":4},"end":{"line":139,"column":7}},"44":{"start":{"line":141,"column":4},"end":{"line":141,"column":14}},"45":{"start":{"line":145,"column":0},"end":{"line":188,"column":3}},"46":{"start":{"line":146,"column":2},"end":{"line":187,"column":3}},"47":{"start":{"line":147,"column":18},"end":{"line":147,"column":75}},"48":{"start":{"line":149,"column":20},"end":{"line":164,"column":6}},"49":{"start":{"line":166,"column":4},"end":{"line":184,"column":7}},"50":{"start":{"line":186,"column":4},"end":{"line":186,"column":14}},"51":{"start":{"line":190,"column":0},"end":{"line":238,"column":3}},"52":{"start":{"line":191,"column":2},"end":{"line":237,"column":3}},"53":{"start":{"line":192,"column":15},"end":{"line":192,"column":36}},"54":{"start":{"line":193,"column":4},"end":{"line":193,"column":111}},"55":{"start":{"line":193,"column":30},"end":{"line":193,"column":111}},"56":{"start":{"line":195,"column":18},"end":{"line":195,"column":75}},"57":{"start":{"line":197,"column":21},"end":{"line":213,"column":6}},"58":{"start":{"line":214,"column":4},"end":{"line":214,"column":105}},"59":{"start":{"line":214,"column":19},"end":{"line":214,"column":105}},"60":{"start":{"line":216,"column":20},"end":{"line":232,"column":6}},"61":{"start":{"line":234,"column":4},"end":{"line":234,"column":35}},"62":{"start":{"line":236,"column":4},"end":{"line":236,"column":14}},"63":{"start":{"line":240,"column":0},"end":{"line":266,"column":3}},"64":{"start":{"line":241,"column":2},"end":{"line":265,"column":3}},"65":{"start":{"line":242,"column":15},"end":{"line":242,"column":36}},"66":{"start":{"line":243,"column":4},"end":{"line":243,"column":111}},"67":{"start":{"line":243,"column":30},"end":{"line":243,"column":111}},"68":{"start":{"line":245,"column":17},"end":{"line":248,"column":6}},"69":{"start":{"line":250,"column":4},"end":{"line":259,"column":5}},"70":{"start":{"line":251,"column":6},"end":{"line":258,"column":9}},"71":{"start":{"line":256,"column":34},"end":{"line":256,"column":40}},"72":{"start":{"line":261,"column":4},"end":{"line":261,"column":51}},"73":{"start":{"line":262,"column":4},"end":{"line":262,"column":27}},"74":{"start":{"line":264,"column":4},"end":{"line":264,"column":14}}},"fnMap":{"0":{"name":"(anonymous_0)","decl":{"start":{"line":38,"column":24},"end":{"line":38,"column":29}},"loc":{"start":{"line":38,"column":49},"end":{"line":111,"column":1}}},"1":{"name":"(anonymous_1)","decl":{"start":{"line":86,"column":27},"end":{"line":86,"column":28}},"loc":{"start":{"line":86,"column":34},"end":{"line":86,"column":76}}},"2":{"name":"(anonymous_2)","decl":{"start":{"line":90,"column":23},"end":{"line":90,"column":24}},"loc":{"start":{"line":90,"column":31},"end":{"line":106,"column":8}}},"3":{"name":"(anonymous_3)","decl":{"start":{"line":113,"column":27},"end":{"line":113,"column":32}},"loc":{"start":{"line":113,"column":52},"end":{"line":143,"column":1}}},"4":{"name":"(anonymous_4)","decl":{"start":{"line":145,"column":25},"end":{"line":145,"column":30}},"loc":{"start":{"line":145,"column":50},"end":{"line":188,"column":1}}},"5":{"name":"(anonymous_5)","decl":{"start":{"line":190,"column":27},"end":{"line":190,"column":32}},"loc":{"start":{"line":190,"column":52},"end":{"line":238,"column":1}}},"6":{"name":"(anonymous_6)","decl":{"start":{"line":240,"column":30},"end":{"line":240,"column":35}},"loc":{"start":{"line":240,"column":55},"end":{"line":266,"column":1}}},"7":{"name":"(anonymous_7)","decl":{"start":{"line":256,"column":27},"end":{"line":256,"column":28}},"loc":{"start":{"line":256,"column":34},"end":{"line":256,"column":40}}}},"branchMap":{"0":{"loc":{"start":{"line":44,"column":4},"end":{"line":51,"column":5}},"type":"if","locations":[{"start":{"line":44,"column":4},"end":{"line":51,"column":5}}]},"1":{"loc":{"start":{"line":52,"column":4},"end":{"line":59,"column":5}},"type":"if","locations":[{"start":{"line":52,"column":4},"end":{"line":59,"column":5}}]},"2":{"loc":{"start":{"line":61,"column":4},"end":{"line":61,"column":41}},"type":"if","locations":[{"start":{"line":61,"column":4},"end":{"line":61,"column":41}}]},"3":{"loc":{"start":{"line":62,"column":4},"end":{"line":62,"column":51}},"type":"if","locations":[{"start":{"line":62,"column":4},"end":{"line":62,"column":51}}]},"4":{"loc":{"start":{"line":63,"column":4},"end":{"line":63,"column":49}},"type":"if","locations":[{"start":{"line":63,"column":4},"end":{"line":63,"column":49}}]},"5":{"loc":{"start":{"line":65,"column":16},"end":{"line":65,"column":54}},"type":"cond-expr","locations":[{"start":{"line":65,"column":40},"end":{"line":65,"column":46}},{"start":{"line":65,"column":49},"end":{"line":65,"column":54}}]},"6":{"loc":{"start":{"line":68,"column":6},"end":{"line":76,"column":36}},"type":"cond-expr","locations":[{"start":{"line":69,"column":10},"end":{"line":69,"column":23}},{"start":{"line":70,"column":10},"end":{"line":76,"column":36}}]},"7":{"loc":{"start":{"line":70,"column":10},"end":{"line":76,"column":36}},"type":"cond-expr","locations":[{"start":{"line":71,"column":12},"end":{"line":71,"column":35}},{"start":{"line":72,"column":12},"end":{"line":76,"column":36}}]},"8":{"loc":{"start":{"line":72,"column":12},"end":{"line":76,"column":36}},"type":"cond-expr","locations":[{"start":{"line":73,"column":14},"end":{"line":73,"column":37}},{"start":{"line":74,"column":14},"end":{"line":76,"column":36}}]},"9":{"loc":{"start":{"line":74,"column":14},"end":{"line":76,"column":36}},"type":"cond-expr","locations":[{"start":{"line":75,"column":16},"end":{"line":75,"column":35}},{"start":{"line":76,"column":16},"end":{"line":76,"column":36}}]},"10":{"loc":{"start":{"line":84,"column":4},"end":{"line":87,"column":5}},"type":"if","locations":[{"start":{"line":84,"column":4},"end":{"line":87,"column":5}}]},"11":{"loc":{"start":{"line":93,"column":17},"end":{"line":93,"column":31}},"type":"binary-expr","locations":[{"start":{"line":93,"column":17},"end":{"line":93,"column":25}},{"start":{"line":93,"column":29},"end":{"line":93,"column":31}}]},"12":{"loc":{"start":{"line":98,"column":21},"end":{"line":98,"column":42}},"type":"binary-expr","locations":[{"start":{"line":98,"column":21},"end":{"line":98,"column":34}},{"start":{"line":98,"column":38},"end":{"line":98,"column":42}}]},"13":{"loc":{"start":{"line":105,"column":19},"end":{"line":105,"column":65}},"type":"cond-expr","locations":[{"start":{"line":105,"column":33},"end":{"line":105,"column":58}},{"start":{"line":105,"column":61},"end":{"line":105,"column":65}}]},"14":{"loc":{"start":{"line":116,"column":4},"end":{"line":116,"column":111}},"type":"if","locations":[{"start":{"line":116,"column":4},"end":{"line":116,"column":111}}]},"15":{"loc":{"start":{"line":119,"column":4},"end":{"line":119,"column":98}},"type":"if","locations":[{"start":{"line":119,"column":4},"end":{"line":119,"column":98}}]},"16":{"loc":{"start":{"line":125,"column":17},"end":{"line":125,"column":31}},"type":"binary-expr","locations":[{"start":{"line":125,"column":17},"end":{"line":125,"column":25}},{"start":{"line":125,"column":29},"end":{"line":125,"column":31}}]},"17":{"loc":{"start":{"line":130,"column":21},"end":{"line":130,"column":42}},"type":"binary-expr","locations":[{"start":{"line":130,"column":21},"end":{"line":130,"column":34}},{"start":{"line":130,"column":38},"end":{"line":130,"column":42}}]},"18":{"loc":{"start":{"line":137,"column":19},"end":{"line":137,"column":65}},"type":"cond-expr","locations":[{"start":{"line":137,"column":33},"end":{"line":137,"column":58}},{"start":{"line":137,"column":61},"end":{"line":137,"column":65}}]},"19":{"loc":{"start":{"line":157,"column":21},"end":{"line":157,"column":46}},"type":"binary-expr","locations":[{"start":{"line":157,"column":21},"end":{"line":157,"column":38}},{"start":{"line":157,"column":42},"end":{"line":157,"column":46}}]},"20":{"loc":{"start":{"line":170,"column":17},"end":{"line":170,"column":37}},"type":"binary-expr","locations":[{"start":{"line":170,"column":17},"end":{"line":170,"column":31}},{"start":{"line":170,"column":35},"end":{"line":170,"column":37}}]},"21":{"loc":{"start":{"line":175,"column":21},"end":{"line":175,"column":48}},"type":"binary-expr","locations":[{"start":{"line":175,"column":21},"end":{"line":175,"column":40}},{"start":{"line":175,"column":44},"end":{"line":175,"column":48}}]},"22":{"loc":{"start":{"line":182,"column":19},"end":{"line":182,"column":77}},"type":"cond-expr","locations":[{"start":{"line":182,"column":39},"end":{"line":182,"column":70}},{"start":{"line":182,"column":73},"end":{"line":182,"column":77}}]},"23":{"loc":{"start":{"line":193,"column":4},"end":{"line":193,"column":111}},"type":"if","locations":[{"start":{"line":193,"column":4},"end":{"line":193,"column":111}}]},"24":{"loc":{"start":{"line":214,"column":4},"end":{"line":214,"column":105}},"type":"if","locations":[{"start":{"line":214,"column":4},"end":{"line":214,"column":105}}]},"25":{"loc":{"start":{"line":219,"column":14},"end":{"line":219,"column":41}},"type":"binary-expr","locations":[{"start":{"line":219,"column":14},"end":{"line":219,"column":24}},{"start":{"line":219,"column":28},"end":{"line":219,"column":41}}]},"26":{"loc":{"start":{"line":220,"column":17},"end":{"line":220,"column":48}},"type":"binary-expr","locations":[{"start":{"line":220,"column":17},"end":{"line":220,"column":29}},{"start":{"line":220,"column":33},"end":{"line":220,"column":48}}]},"27":{"loc":{"start":{"line":221,"column":24},"end":{"line":221,"column":71}},"type":"binary-expr","locations":[{"start":{"line":221,"column":24},"end":{"line":221,"column":44}},{"start":{"line":221,"column":48},"end":{"line":221,"column":71}}]},"28":{"loc":{"start":{"line":222,"column":24},"end":{"line":222,"column":71}},"type":"binary-expr","locations":[{"start":{"line":222,"column":24},"end":{"line":222,"column":44}},{"start":{"line":222,"column":48},"end":{"line":222,"column":71}}]},"29":{"loc":{"start":{"line":223,"column":20},"end":{"line":223,"column":59}},"type":"binary-expr","locations":[{"start":{"line":223,"column":20},"end":{"line":223,"column":36}},{"start":{"line":223,"column":40},"end":{"line":223,"column":59}}]},"30":{"loc":{"start":{"line":224,"column":21},"end":{"line":224,"column":62}},"type":"binary-expr","locations":[{"start":{"line":224,"column":21},"end":{"line":224,"column":38}},{"start":{"line":224,"column":42},"end":{"line":224,"column":62}}]},"31":{"loc":{"start":{"line":225,"column":21},"end":{"line":225,"column":95}},"type":"cond-expr","locations":[{"start":{"line":225,"column":55},"end":{"line":225,"column":75}},{"start":{"line":225,"column":78},"end":{"line":225,"column":95}}]},"32":{"loc":{"start":{"line":226,"column":18},"end":{"line":226,"column":53}},"type":"binary-expr","locations":[{"start":{"line":226,"column":18},"end":{"line":226,"column":32}},{"start":{"line":226,"column":36},"end":{"line":226,"column":53}}]},"33":{"loc":{"start":{"line":227,"column":21},"end":{"line":227,"column":62}},"type":"binary-expr","locations":[{"start":{"line":227,"column":21},"end":{"line":227,"column":38}},{"start":{"line":227,"column":42},"end":{"line":227,"column":62}}]},"34":{"loc":{"start":{"line":228,"column":15},"end":{"line":228,"column":44}},"type":"binary-expr","locations":[{"start":{"line":228,"column":15},"end":{"line":228,"column":26}},{"start":{"line":228,"column":30},"end":{"line":228,"column":44}}]},"35":{"loc":{"start":{"line":229,"column":20},"end":{"line":229,"column":59}},"type":"binary-expr","locations":[{"start":{"line":229,"column":20},"end":{"line":229,"column":36}},{"start":{"line":229,"column":40},"end":{"line":229,"column":59}}]},"36":{"loc":{"start":{"line":230,"column":19},"end":{"line":230,"column":56}},"type":"binary-expr","locations":[{"start":{"line":230,"column":19},"end":{"line":230,"column":34}},{"start":{"line":230,"column":38},"end":{"line":230,"column":56}}]},"37":{"loc":{"start":{"line":243,"column":4},"end":{"line":243,"column":111}},"type":"if","locations":[{"start":{"line":243,"column":4},"end":{"line":243,"column":111}}]},"38":{"loc":{"start":{"line":250,"column":4},"end":{"line":259,"column":5}},"type":"if","locations":[{"start":{"line":250,"column":4},"end":{"line":259,"column":5}}]}},"s":{"0":1,"1":1,"2":1,"3":1,"4":1,"5":1,"6":1,"7":1,"8":0,"9":0,"10":0,"11":0,"12":0,"13":0,"14":0,"15":0,"16":0,"17":0,"18":0,"19":0,"20":0,"21":0,"22":0,"23":0,"24":0,"25":0,"26":0,"27":0,"28":0,"29":0,"30":0,"31":0,"32":0,"33":0,"34":0,"35":1,"36":0,"37":0,"38":0,"39":0,"40":0,"41":0,"42":0,"43":0,"44":0,"45":1,"46":2,"47":2,"48":2,"49":2,"50":0,"51":1,"52":0,"53":0,"54":0,"55":0,"56":0,"57":0,"58":0,"59":0,"60":0,"61":0,"62":0,"63":1,"64":0,"65":0,"66":0,"67":0,"68":0,"69":0,"70":0,"71":0,"72":0,"73":0,"74":0},"f":{"0":0,"1":0,"2":0,"3":0,"4":2,"5":0,"6":0,"7":0},"b":{"0":[0],"1":[0],"2":[0],"3":[0],"4":[0],"5":[0,0],"6":[0,0],"7":[0,0],"8":[0,0],"9":[0,0],"10":[0],"11":[0,0],"12":[0,0],"13":[0,0],"14":[0],"15":[0],"16":[0,0],"17":[0,0],"18":[0,0],"19":[2,2],"20":[2,0],"21":[2,2],"22":[2,0],"23":[0],"24":[0],"25":[0,0],"26":[0,0],"27":[0,0],"28":[0,0],"29":[0,0],"30":[0,0],"31":[0,0],"32":[0,0],"33":[0,0],"34":[0,0],"35":[0,0],"36":[0,0],"37":[0],"38":[0]}}
}
