TN:
SF:src/app.ts
FN:8,createApp
FN:19,(anonymous_2)
FNF:2
FNH:1
FNDA:1,createApp
FNDA:0,(anonymous_2)
DA:1,1
DA:2,1
DA:3,1
DA:4,1
DA:5,1
DA:6,1
DA:8,1
DA:9,1
DA:11,1
DA:12,1
DA:13,1
DA:15,1
DA:16,1
DA:17,1
DA:19,1
DA:20,0
DA:23,1
DA:25,1
LF:18
LH:17
BRF:0
BRH:0
end_of_record
TN:
SF:src/lib/dishFlags.ts
FN:1,computeDishAllowedFlags
FN:3,(anonymous_1)
FN:4,(anonymous_2)
FN:5,(anonymous_3)
FN:10,applyRequestedFlagsToAllowed
FNF:5
FNH:5
FNDA:10,computeDishAllowedFlags
FNDA:11,(anonymous_1)
FNDA:10,(anonymous_2)
FNDA:11,(anonymous_3)
FNDA:10,applyRequestedFlagsToAllowed
DA:1,1
DA:2,10
DA:3,11
DA:4,10
DA:5,11
DA:7,10
DA:10,1
DA:14,10
DA:15,10
LF:9
LH:9
BRDA:3,0,0,10
BRDA:3,0,1,10
BRDA:4,1,0,10
BRDA:4,1,1,10
BRDA:5,2,0,10
BRDA:5,2,1,10
BRDA:16,3,0,10
BRDA:16,3,1,0
BRDA:17,4,0,10
BRDA:17,4,1,0
BRDA:18,5,0,10
BRDA:18,5,1,0
BRF:12
BRH:9
end_of_record
TN:
SF:src/lib/dishMacros.ts
FN:11,parseDishNameForFirstMacro
FNF:1
FNH:1
FNDA:10,parseDishNameForFirstMacro
DA:1,1
DA:11,1
DA:15,10
DA:17,10
DA:19,10
DA:20,70
DA:21,70
DA:22,0
DA:23,0
DA:27,10
DA:28,10
DA:31,0
DA:32,0
LF:13
LH:9
BRDA:21,0,0,70
BRDA:22,1,0,0
BRDA:22,2,0,0
BRDA:22,2,1,0
BRDA:27,3,0,10
BRF:5
BRH:2
end_of_record
TN:
SF:src/lib/httpError.ts
FN:6,(anonymous_0)
FNF:1
FNH:0
FNDA:0,(anonymous_0)
DA:1,1
DA:7,0
DA:8,0
DA:9,0
DA:10,0
LF:5
LH:1
BRF:0
BRH:0
end_of_record
TN:
SF:src/lib/kbju.ts
FN:8,calculateDishKbjuOnPortion
FNF:1
FNH:1
FNDA:10,calculateDishKbjuOnPortion
DA:8,1
DA:11,10
DA:13,10
DA:14,10
DA:15,10
DA:16,10
DA:18,10
DA:19,11
DA:20,11
DA:21,11
DA:22,11
DA:23,11
DA:26,10
LF:13
LH:13
BRF:0
BRH:0
end_of_record
TN:
SF:src/lib/prisma.ts
FNF:0
FNH:0
DA:1,1
DA:2,1
DA:3,1
DA:6,1
DA:8,1
DA:9,1
DA:10,0
DA:14,1
DA:15,1
DA:17,1
DA:24,1
DA:25,1
LF:12
LH:11
BRDA:9,0,0,0
BRDA:14,1,0,1
BRDA:14,1,1,0
BRDA:18,2,0,1
BRDA:18,2,1,1
BRDA:24,3,0,1
BRF:6
BRH:4
end_of_record
TN:
SF:src/lib/validation.ts
FN:97,(anonymous_0)
FN:98,(anonymous_1)
FN:105,(anonymous_2)
FN:113,(anonymous_3)
FN:188,parseProductCategoryRuToEnum
FN:194,parseCookingNeedRuToEnum
FN:200,parseDishCategoryRuToEnum
FNF:7
FNH:4
FNDA:2,(anonymous_0)
FNDA:2,(anonymous_1)
FNDA:2,(anonymous_2)
FNDA:0,(anonymous_3)
FNDA:0,parseProductCategoryRuToEnum
FNDA:0,parseCookingNeedRuToEnum
FNDA:10,parseDishCategoryRuToEnum
DA:1,1
DA:3,1
DA:5,1
DA:17,1
DA:23,1
DA:33,1
DA:45,1
DA:51,1
DA:61,1
DA:73,1
DA:79,1
DA:89,1
DA:97,2
DA:98,2
DA:105,1
DA:106,2
DA:107,2
DA:113,1
DA:115,0
DA:116,0
DA:117,0
DA:119,0
DA:128,1
DA:130,1
DA:135,1
DA:155,1
DA:159,1
DA:166,1
DA:180,1
DA:188,1
DA:189,0
DA:190,0
DA:191,0
DA:194,1
DA:195,0
DA:196,0
DA:197,0
DA:200,1
DA:201,10
DA:202,10
DA:203,10
LF:41
LH:31
BRDA:115,0,0,0
BRDA:115,1,0,0
BRDA:115,1,1,0
BRDA:115,1,2,0
BRDA:190,2,0,0
BRDA:196,3,0,0
BRDA:202,4,0,0
BRF:7
BRH:0
end_of_record
TN:
SF:src/middleware/errorHandler.ts
FN:5,errorHandler
FNF:1
FNH:1
FNDA:3,errorHandler
DA:2,1
DA:3,1
DA:5,1
DA:6,3
DA:7,0
DA:16,3
DA:17,3
DA:27,0
DA:28,0
LF:9
LH:6
BRDA:6,0,0,0
BRDA:16,1,0,3
BRF:2
BRH:1
end_of_record
TN:
SF:src/routes/dishes.ts
FN:21,(anonymous_0)
FN:40,(anonymous_1)
FN:44,(anonymous_2)
FN:66,(anonymous_3)
FN:102,(anonymous_4)
FN:125,loadProductsForDishComposition
FN:143,(anonymous_6)
FN:160,(anonymous_7)
FN:179,(anonymous_8)
FN:180,(anonymous_9)
FN:191,(anonymous_10)
FN:198,(anonymous_11)
FN:226,(anonymous_12)
FN:255,(anonymous_13)
FN:266,(anonymous_14)
FN:287,(anonymous_15)
FN:306,(anonymous_16)
FN:307,(anonymous_17)
FN:318,(anonymous_18)
FN:325,(anonymous_19)
FN:337,(anonymous_20)
FN:355,(anonymous_21)
FN:381,(anonymous_22)
FN:392,(anonymous_23)
FNF:24
FNH:9
FNDA:0,(anonymous_0)
FNDA:0,(anonymous_1)
FNDA:0,(anonymous_2)
FNDA:0,(anonymous_3)
FNDA:0,(anonymous_4)
FNDA:10,loadProductsForDishComposition
FNDA:13,(anonymous_6)
FNDA:11,(anonymous_7)
FNDA:11,(anonymous_8)
FNDA:11,(anonymous_9)
FNDA:11,(anonymous_10)
FNDA:11,(anonymous_11)
FNDA:11,(anonymous_12)
FNDA:11,(anonymous_13)
FNDA:0,(anonymous_14)
FNDA:0,(anonymous_15)
FNDA:0,(anonymous_16)
FNDA:0,(anonymous_17)
FNDA:0,(anonymous_18)
FNDA:0,(anonymous_19)
FNDA:0,(anonymous_20)
FNDA:0,(anonymous_21)
FNDA:0,(anonymous_22)
FNDA:0,(anonymous_23)
DA:1,1
DA:2,1
DA:3,1
DA:4,1
DA:15,1
DA:16,1
DA:17,1
DA:19,1
DA:21,1
DA:22,0
DA:23,0
DA:25,0
DA:27,0
DA:28,0
DA:31,0
DA:32,0
DA:33,0
DA:35,0
DA:38,0
DA:39,0
DA:40,0
DA:43,0
DA:44,0
DA:62,0
DA:66,1
DA:67,0
DA:68,0
DA:69,0
DA:70,0
DA:73,0
DA:84,0
DA:86,0
DA:102,0
DA:121,0
DA:126,10
DA:140,10
DA:143,1
DA:144,13
DA:145,13
DA:147,10
DA:149,10
DA:150,10
DA:151,0
DA:158,10
DA:160,11
DA:161,10
DA:162,10
DA:163,0
DA:170,10
DA:171,10
DA:172,0
DA:179,11
DA:180,11
DA:190,10
DA:191,11
DA:197,10
DA:198,11
DA:201,10
DA:210,10
DA:226,11
DA:239,10
DA:255,11
DA:262,3
DA:266,1
DA:267,0
DA:268,0
DA:269,0
DA:270,0
DA:273,0
DA:275,0
DA:279,0
DA:281,0
DA:282,0
DA:284,0
DA:285,0
DA:287,0
DA:288,0
DA:289,0
DA:290,0
DA:297,0
DA:298,0
DA:299,0
DA:306,0
DA:307,0
DA:317,0
DA:318,0
DA:324,0
DA:325,0
DA:328,0
DA:337,0
DA:338,0
DA:340,0
DA:355,0
DA:365,0
DA:381,0
DA:388,0
DA:392,1
DA:393,0
DA:394,0
DA:395,0
DA:396,0
DA:398,0
DA:399,0
DA:401,0
LF:104
LH:38
BRDA:27,0,0,0
BRDA:31,1,0,0
BRDA:32,2,0,0
BRDA:33,3,0,0
BRDA:38,4,0,0
BRDA:47,5,0,0
BRDA:47,5,1,0
BRDA:58,6,0,0
BRDA:58,6,1,0
BRDA:69,7,0,0
BRDA:84,8,0,0
BRDA:90,9,0,0
BRDA:90,9,1,0
BRDA:101,10,0,0
BRDA:101,10,1,0
BRDA:149,11,0,10
BRDA:149,11,1,0
BRDA:150,12,0,0
BRDA:162,13,0,0
BRDA:171,14,0,0
BRDA:220,15,0,10
BRDA:220,15,1,9
BRDA:221,16,0,10
BRDA:221,16,1,9
BRDA:222,17,0,10
BRDA:222,17,1,9
BRDA:223,18,0,10
BRDA:223,18,1,9
BRDA:243,19,0,10
BRDA:243,19,1,0
BRDA:254,20,0,10
BRDA:254,20,1,0
BRDA:269,21,0,0
BRDA:279,22,0,0
BRDA:281,23,0,0
BRDA:281,23,1,0
BRDA:284,24,0,0
BRDA:284,24,1,0
BRDA:284,24,2,0
BRDA:289,25,0,0
BRDA:298,26,0,0
BRDA:350,27,0,0
BRDA:350,27,1,0
BRDA:351,28,0,0
BRDA:351,28,1,0
BRDA:352,29,0,0
BRDA:352,29,1,0
BRDA:353,30,0,0
BRDA:353,30,1,0
BRDA:369,31,0,0
BRDA:369,31,1,0
BRDA:380,32,0,0
BRDA:380,32,1,0
BRDA:395,33,0,0
BRF:54
BRH:11
end_of_record
TN:
SF:src/routes/health.ts
FN:5,(anonymous_0)
FNF:1
FNH:0
FNDA:0,(anonymous_0)
DA:1,1
DA:3,1
DA:5,1
DA:6,0
LF:4
LH:3
BRF:0
BRH:0
end_of_record
TN:
SF:src/routes/products.ts
FN:38,(anonymous_0)
FN:86,(anonymous_1)
FN:90,(anonymous_2)
FN:113,(anonymous_3)
FN:145,(anonymous_4)
FN:190,(anonymous_5)
FN:240,(anonymous_6)
FN:256,(anonymous_7)
FNF:8
FNH:1
FNDA:0,(anonymous_0)
FNDA:0,(anonymous_1)
FNDA:0,(anonymous_2)
FNDA:0,(anonymous_3)
FNDA:2,(anonymous_4)
FNDA:0,(anonymous_5)
FNDA:0,(anonymous_6)
FNDA:0,(anonymous_7)
DA:1,1
DA:2,1
DA:3,1
DA:4,1
DA:5,1
DA:18,1
DA:20,1
DA:38,1
DA:39,0
DA:40,0
DA:42,0
DA:44,0
DA:45,0
DA:46,0
DA:48,0
DA:52,0
DA:53,0
DA:54,0
DA:56,0
DA:61,0
DA:62,0
DA:63,0
DA:65,0
DA:68,0
DA:78,0
DA:84,0
DA:85,0
DA:86,0
DA:89,0
DA:90,0
DA:109,0
DA:113,1
DA:114,0
DA:115,0
DA:116,0
DA:118,0
DA:119,0
DA:121,0
DA:141,0
DA:145,1
DA:146,2
DA:147,2
DA:149,2
DA:166,2
DA:186,0
DA:190,1
DA:191,0
DA:192,0
DA:193,0
DA:195,0
DA:197,0
DA:214,0
DA:216,0
DA:234,0
DA:236,0
DA:240,1
DA:241,0
DA:242,0
DA:243,0
DA:245,0
DA:250,0
DA:251,0
DA:256,0
DA:261,0
DA:262,0
DA:264,0
LF:66
LH:16
BRDA:44,0,0,0
BRDA:52,1,0,0
BRDA:61,2,0,0
BRDA:62,3,0,0
BRDA:63,4,0,0
BRDA:65,5,0,0
BRDA:65,5,1,0
BRDA:68,6,0,0
BRDA:68,6,1,0
BRDA:70,7,0,0
BRDA:70,7,1,0
BRDA:72,8,0,0
BRDA:72,8,1,0
BRDA:74,9,0,0
BRDA:74,9,1,0
BRDA:84,10,0,0
BRDA:93,11,0,0
BRDA:93,11,1,0
BRDA:98,12,0,0
BRDA:98,12,1,0
BRDA:105,13,0,0
BRDA:105,13,1,0
BRDA:116,14,0,0
BRDA:119,15,0,0
BRDA:125,16,0,0
BRDA:125,16,1,0
BRDA:130,17,0,0
BRDA:130,17,1,0
BRDA:137,18,0,0
BRDA:137,18,1,0
BRDA:157,19,0,2
BRDA:157,19,1,2
BRDA:170,20,0,2
BRDA:170,20,1,0
BRDA:175,21,0,2
BRDA:175,21,1,2
BRDA:182,22,0,2
BRDA:182,22,1,0
BRDA:193,23,0,0
BRDA:214,24,0,0
BRDA:219,25,0,0
BRDA:219,25,1,0
BRDA:220,26,0,0
BRDA:220,26,1,0
BRDA:221,27,0,0
BRDA:221,27,1,0
BRDA:222,28,0,0
BRDA:222,28,1,0
BRDA:223,29,0,0
BRDA:223,29,1,0
BRDA:224,30,0,0
BRDA:224,30,1,0
BRDA:225,31,0,0
BRDA:225,31,1,0
BRDA:226,32,0,0
BRDA:226,32,1,0
BRDA:227,33,0,0
BRDA:227,33,1,0
BRDA:228,34,0,0
BRDA:228,34,1,0
BRDA:229,35,0,0
BRDA:229,35,1,0
BRDA:230,36,0,0
BRDA:230,36,1,0
BRDA:243,37,0,0
BRDA:250,38,0,0
BRF:66
BRH:6
end_of_record
